<?xml version="1.0" encoding="UTF-8"?>
<!-- Generated by org.testng.reporters.JUnitReportReporter -->
<testsuite hostname="bhajandevi" failures="0" tests="2" name="day10.ExtentExample" time="10.514" errors="0" timestamp="31 Jul 2020 05:57:26 GMT" skipped="0">
  <testcase classname="day10.ExtentExample" name="titleTest" time="6.052"/>
  <testcase classname="day10.ExtentExample" name="LoginTest" time="4.462"/>
</testsuite> <!-- day10.ExtentExample -->
