<?xml version="1.0" encoding="UTF-8"?>
<!-- Generated by org.testng.reporters.JUnitReportReporter -->
<testsuite hostname="bhajandevi" failures="0" tests="1" name="day10.GroupingExamples" time="0.402" errors="0" timestamp="31 Jul 2020 10:49:06 GMT" skipped="0">
  <testcase classname="day10.GroupingExamples" name="f1" time="0.402"/>
</testsuite> <!-- day10.GroupingExamples -->
