<?xml version="1.0" encoding="UTF-8"?>
<!-- Generated by org.testng.reporters.JUnitReportReporter -->
<testsuite hostname="bhajandevi" failures="0" tests="3" name="day5NG.All_Annotations" time="0.694" errors="0" timestamp="31 Jul 2020 14:37:17 GMT" skipped="0">
  <testcase classname="day5NG.All_Annotations" name="f3" time="0.108"/>
  <testcase classname="day5NG.All_Annotations" name="f2" time="0.022"/>
  <testcase classname="day5NG.All_Annotations" name="f1" time="0.564"/>
</testsuite> <!-- day5NG.All_Annotations -->
