<?xml version="1.0" encoding="UTF-8"?>
<!-- Generated by org.testng.reporters.JUnitReportReporter -->
<testsuite hostname="bhajandevi" failures="0" tests="2" name="day9.GridExample" time="10.028" errors="0" timestamp="30 Jul 2020 09:06:23 GMT" skipped="0">
  <testcase classname="day9.GridExample" name="f" time="5.091"/>
  <testcase classname="day9.GridExample" name="f" time="4.937"/>
</testsuite> <!-- day9.GridExample -->
