<?xml version="1.0" encoding="UTF-8"?>
<!-- Generated by org.testng.reporters.JUnitReportReporter -->
<testsuite hostname="bhajandevi" failures="0" tests="1" name="day9.DBConnect" time="166.305" errors="0" timestamp="30 Jul 2020 06:14:46 GMT" skipped="0">
  <testcase classname="day9.DBConnect" name="f" time="166.305"/>
</testsuite> <!-- day9.DBConnect -->
