<?xml version="1.0" encoding="UTF-8"?>
<!-- Generated by org.testng.reporters.JUnitReportReporter -->
<testsuite hostname="bhajandevi" failures="0" tests="2" name="in.lti.day8.FirstScript_Test" time="16.886" errors="0" timestamp="29 Jul 2020 11:59:41 GMT" skipped="0">
  <testcase classname="in.lti.day8.FirstScript_Test" name="titleTest" time="4.617"/>
  <testcase classname="in.lti.day8.FirstScript_Test" name="Scrolling_Test" time="12.269"/>
</testsuite> <!-- in.lti.day8.FirstScript_Test -->
