<?xml version="1.0" encoding="UTF-8"?>
<!-- Generated by org.testng.reporters.JUnitReportReporter -->
<testsuite hostname="bhajandevi" failures="0" tests="1" name="in.lti.day8.CSVExample" time="0.241" errors="0" timestamp="30 Jul 2020 04:14:23 GMT" skipped="0">
  <testcase classname="in.lti.day8.CSVExample" name="f" time="0.241"/>
</testsuite> <!-- in.lti.day8.CSVExample -->
