<?xml version="1.0" encoding="UTF-8"?>
<!-- Generated by org.testng.reporters.JUnitReportReporter -->
<testsuite hostname="bhajandevi" failures="0" tests="1" name="day10.ReflectionClassExample" time="0.525" errors="0" timestamp="31 Jul 2020 11:36:03 GMT" skipped="0">
  <testcase classname="day10.ReflectionClassExample" name="f" time="0.525"/>
</testsuite> <!-- day10.ReflectionClassExample -->
